<?xml version="1.0" encoding="UTF-8"?>
<testsuites name="TestSuiteInsider" time="106.825" tests="1" failures="0" errors="0">
   <testsuite name="TestSuiteInsider" tests="1" failures="0" errors="0" time="106.825" skipped="0" timestamp="2024-01-16 22:58:44" hostname="bhavyansh - LAPTOP-E5PQPK4Q" id="Test Suites/FirstFolder/SecondFolder/TestSuiteInsider">
      <properties>
[...]
</properties>
      <testcase name="Test Cases/New Test Case" time="100.179" classname="Test Cases/New Test Case" status="PASSED">
         <system-out><![CDATA[2024-01-16 22:58:51 - [TEST_CASE][PASSED] - Test Cases/New Test Case: Test Cases/New Test Case

2024-01-16 22:58:51 - [TEST_STEP][PASSED] - Start setup action : setupTestCase: Method 'setupTestCase' complete successfully

2024-01-16 22:58:51 - [TEST_STEP][PASSED] - getRuntime().exec("taskkill /f /im chrome.exe"): null

2024-01-16 22:58:51 - [TEST_STEP][PASSED] - getRuntime().exec("taskkill /f /im chromedriver.exe"): null

2024-01-16 22:58:51 - [TEST_STEP][PASSED] - delay(5): Delayed 5 second(s)

2024-01-16 22:58:56 - [MESSAGE][PASSED] - Delayed 5 second(s)

2024-01-16 22:58:56 - [TEST_STEP][PASSED] - openBrowser(""): Browser is opened with url: ''

2024-01-16 22:58:57 - [MESSAGE][INFO] - User set preference: ['os', 'windows']

2024-01-16 22:58:57 - [MESSAGE][INFO] - User set preference: ['browserName', 'chrome']

2024-01-16 22:58:57 - [MESSAGE][INFO] - User set preference: ['browserVersion', '119']

2024-01-16 22:58:57 - [MESSAGE][INFO] - User set preference: ['katalon:option', '{organizationId=1192683, tunnelId=, usingTunnel=false}']

2024-01-16 22:58:57 - [MESSAGE][INFO] - Connecting to remote web server 'testcloud.katalon.com/hub' with type 'Selenium'

2024-01-16 22:58:59 - [MESSAGE][INFO] - Action delay is set to 0 milliseconds

2024-01-16 22:59:32 - [MESSAGE][PASSED] - Browser is opened with url: ''

2024-01-16 22:59:32 - [MESSAGE][PASSED] - Method 'setupTestCase' complete successfully

2024-01-16 22:59:32 - [TEST_STEP][PASSED] - openBrowser(""): Browser is opened with url: ''

2024-01-16 22:59:32 - [MESSAGE][WARNING] - A browser is already opened. Closing browser and opening a new one

2024-01-16 22:59:34 - [MESSAGE][INFO] - User set preference: ['os', 'windows']

2024-01-16 22:59:34 - [MESSAGE][INFO] - User set preference: ['browserName', 'chrome']

2024-01-16 22:59:34 - [MESSAGE][INFO] - User set preference: ['browserVersion', '119']

2024-01-16 22:59:34 - [MESSAGE][INFO] - User set preference: ['katalon:option', '{organizationId=1192683, tunnelId=, usingTunnel=false}']

2024-01-16 22:59:34 - [MESSAGE][INFO] - Connecting to remote web server 'testcloud.katalon.com/hub' with type 'Selenium'

2024-01-16 22:59:34 - [MESSAGE][INFO] - Action delay is set to 0 milliseconds

2024-01-16 23:00:10 - [MESSAGE][PASSED] - Browser is opened with url: ''

2024-01-16 23:00:10 - [TEST_STEP][PASSED] - navigateToUrl("https://katalon-demo-cura.herokuapp.com/"): Navigate to 'https://katalon-demo-cura.herokuapp.com/' successfully

2024-01-16 23:00:11 - [MESSAGE][PASSED] - Navigate to 'https://katalon-demo-cura.herokuapp.com/' successfully

2024-01-16 23:00:11 - [TEST_STEP][PASSED] - click(findTestObject("Object Repository/Page_CURA Healthcare Service/a_Make Appointment (1)")): Object: 'Object Repository/Page_CURA Healthcare Service/a_Make Appointment (1)' is clicked on

2024-01-16 23:00:14 - [MESSAGE][PASSED] - Object: 'Object Repository/Page_CURA Healthcare Service/a_Make Appointment (1)' is clicked on

2024-01-16 23:00:14 - [TEST_STEP][PASSED] - setText(findTestObject("Object Repository/Page_CURA Healthcare Service/input_Username_username"), "John Doe"): Text 'John Doe' is set on object 'Object Repository/Page_CURA Healthcare Service/input_Username_username'

2024-01-16 23:00:21 - [MESSAGE][PASSED] - Text 'John Doe' is set on object 'Object Repository/Page_CURA Healthcare Service/input_Username_username'

2024-01-16 23:00:21 - [TEST_STEP][PASSED] - setEncryptedText(findTestObject("Object Repository/Page_CURA Healthcare Service/input_Password_password"), "g3/DOGG74jC3Flrr3yH+3D/yKbOqqUNM"): Text ****** has been set on object 'Object Repository/Page_CURA Healthcare Service/input_Password_password'

2024-01-16 23:00:25 - [MESSAGE][PASSED] - Text ****** has been set on object 'Object Repository/Page_CURA Healthcare Service/input_Password_password'

2024-01-16 23:00:25 - [TEST_STEP][PASSED] - click(findTestObject("Object Repository/Page_CURA Healthcare Service/button_Login")): Object: 'Object Repository/Page_CURA Healthcare Service/button_Login' is clicked on

2024-01-16 23:00:29 - [MESSAGE][PASSED] - Object: 'Object Repository/Page_CURA Healthcare Service/button_Login' is clicked on

2024-01-16 23:00:29 - [TEST_STEP][PASSED] - hey = com.bhavya.custom.dateGenerator.generateDateOfBirth.generate(): com.bhavya.custom.dateGenerator.generateDateOfBirth.generate is PASSED

2024-01-16 23:00:29 - [MESSAGE][PASSED] - com.bhavya.custom.dateGenerator.generateDateOfBirth.generate is PASSED

2024-01-16 23:00:29 - [TEST_STEP][PASSED] - println(hey): null

2024-01-16 23:00:29 - [TEST_STEP][PASSED] - refresh(): Refresh successfully

2024-01-16 23:00:30 - [MESSAGE][PASSED] - Refresh successfully

2024-01-16 23:00:30 - [TEST_STEP][PASSED] - closeBrowser(): Browser is closed

2024-01-16 23:00:31 - [MESSAGE][PASSED] - Browser is closed

2024-01-16 23:00:31 - [TEST_STEP][PASSED] - Start tear down : tearDownTestCase: Method 'tearDownTestCase' complete successfully

2024-01-16 23:00:31 - [TEST_STEP][PASSED] - closeBrowser(): Browser is closed

2024-01-16 23:00:31 - [MESSAGE][PASSED] - Browser is closed

2024-01-16 23:00:31 - [MESSAGE][PASSED] - Method 'tearDownTestCase' complete successfully]]></system-out>
         <system-err><![CDATA[]]></system-err>
      </testcase>
      <system-out><![CDATA[2024-01-16 22:58:44 - [TEST_SUITE][PASSED] - TestSuiteInsider: Test Cases/New Test Case]]></system-out>
      <system-err><![CDATA[]]></system-err>
   </testsuite>
</testsuites>
